WARNING: A restricted method in java.lang.System has been called
WARNING: java.lang.System::load has been called by org.fusesource.jansi.internal.JansiLoader in an unnamed module (file:/Users/rayankavishka/.m2/wrapper/dists/apache-maven-3.8.5-bin/5i5jha092a3i37g0paqnfr15e0/apache-maven-3.8.5/lib/jansi-2.4.0.jar)
WARNING: Use --enable-native-access=ALL-UNNAMED to avoid a warning for callers in this module
WARNING: Restricted methods will be blocked in a future release unless native access is enabled

WARNING: A terminally deprecated method in sun.misc.Unsafe has been called
WARNING: sun.misc.Unsafe::objectFieldOffset has been called by com.google.common.util.concurrent.AbstractFuture$UnsafeAtomicHelper (file:/Users/rayankavishka/.m2/wrapper/dists/apache-maven-3.8.5-bin/5i5jha092a3i37g0paqnfr15e0/apache-maven-3.8.5/lib/guava-25.1-android.jar)
WARNING: Please consider reporting this to the maintainers of class com.google.common.util.concurrent.AbstractFuture$UnsafeAtomicHelper
WARNING: sun.misc.Unsafe::objectFieldOffset will be removed in a future release
[INFO] Scanning for projects...
[INFO] 
[INFO] ------------< lk.ijse:Mental-Health-Therapy-Center-System >-------------
[INFO] Building Mental-Health-Therapy-Center-System 1.0-SNAPSHOT
[INFO] --------------------------------[ jar ]---------------------------------
[WARNING] The POM for org.glassfish.jaxb:jaxb-runtime:jar:2.2.10-b140310.1920 is invalid, transitive dependencies (if any) will not be available, enable debug logging for more details
[WARNING] The POM for org.glassfish.jaxb:jaxb-runtime:jar:2.2.10-b140802.1033 is invalid, transitive dependencies (if any) will not be available, enable debug logging for more details
[WARNING] The POM for org.glassfish.jaxb:jaxb-runtime:jar:2.2.10 is invalid, transitive dependencies (if any) will not be available, enable debug logging for more details
[WARNING] The POM for org.glassfish.jaxb:jaxb-runtime:jar:2.2.11 is invalid, transitive dependencies (if any) will not be available, enable debug logging for more details
[INFO] 
[INFO] --- maven-clean-plugin:2.5:clean (default-clean) @ Mental-Health-Therapy-Center-System ---
[INFO] Deleting /Users/rayankavishka/IdeaProjects/Mental_Health_Therapy_Center_System/target
[INFO] 
[INFO] >>> javafx-maven-plugin:0.0.8:run (default-cli) > process-classes @ Mental-Health-Therapy-Center-System >>>
[INFO] 
[INFO] --- maven-resources-plugin:2.6:resources (default-resources) @ Mental-Health-Therapy-Center-System ---
[INFO] Using 'UTF-8' encoding to copy filtered resources.
[INFO] Copying 3 resources
[INFO] 
[INFO] --- maven-compiler-plugin:3.13.0:compile (default-compile) @ Mental-Health-Therapy-Center-System ---
[INFO] Recompiling the module because of changed source code.
[INFO] Compiling 21 source files with javac [debug target 21 module-path] to target/classes
[WARNING] location of system modules is not set in conjunction with -source 21
  not setting the location of system modules may lead to class files that cannot run on JDK 21
    --release 21 is recommended instead of -source 21 -target 21 because it sets the location of system modules automatically
[INFO] 
[INFO] <<< javafx-maven-plugin:0.0.8:run (default-cli) < process-classes @ Mental-Health-Therapy-Center-System <<<
[INFO] 
[INFO] 
[INFO] --- javafx-maven-plugin:0.0.8:run (default-cli) @ Mental-Health-Therapy-Center-System ---
WARNING: A restricted method in java.lang.System has been called
WARNING: java.lang.System::load has been called by com.sun.glass.utils.NativeLibLoader in module javafx.graphics (file:/Users/rayankavishka/.m2/repository/org/openjfx/javafx-graphics/21.0.6/javafx-graphics-21.0.6-mac-aarch64.jar)
WARNING: Use --enable-native-access=javafx.graphics to avoid a warning for callers in this module
WARNING: Restricted methods will be blocked in a future release unless native access is enabled

Apr 22, 2026 12:59:58 PM org.hibernate.Version logVersion
INFO: HHH000412: Hibernate ORM core version [WORKING]
Apr 22, 2026 12:59:58 PM org.hibernate.cfg.Environment <clinit>
INFO: HHH000205: Loaded properties from resource hibernate.properties: {hibernate.format_sql=true, hibernate.hbm2ddl.auto=update, jakarta.persistence.jdbc.driver=com.mysql.cj.jdbc.Driver, hibernate.dialect=org.hibernate.dialect.MySQLDialect, hibernate.cache.use_query_cache=true, jakarta.persistence.jdbc.url=jdbc:mysql://localhost:3306/mentalHealthTherapyCenter?createDatabaseIfNotExist=true, jakarta.persistence.jdbc.user=root, hibernate.cache.use_second_level_cache=true, hibernate.javax.cache.uri=classpath:ehcache.xml, hibernate.show_sql=true, hibernate.cache.region.factory_class=org.hibernate.cache.jcache.JCacheRegionFactory, jakarta.persistence.jdbc.password=mysql, hibernate.javax.cache.provider=org.ehcache.jsr107.EhcacheCachingProvider}
Apr 22, 2026 12:59:58 PM org.hibernate.cache.internal.RegionFactoryInitiator initiateService
INFO: HHH000025: Second-level cache region factory [org.hibernate.cache.jcache.internal.JCacheRegionFactory]
Apr 22, 2026 12:59:58 PM org.hibernate.engine.jdbc.connections.internal.DriverManagerConnectionProviderImpl configure
WARN: HHH10001002: Using built-in connection pool (not intended for production use)
Apr 22, 2026 12:59:58 PM org.hibernate.engine.jdbc.dialect.internal.DialectFactoryImpl constructDialect
WARN: HHH90000025: MySQLDialect does not need to be specified explicitly using 'hibernate.dialect' (remove the property setting and it will be selected by default)
Apr 22, 2026 12:59:58 PM org.hibernate.engine.jdbc.env.internal.JdbcEnvironmentInitiator initiateService
INFO: HHH10001005: Database info:
	Database JDBC URL [jdbc:mysql://localhost:3306/mentalHealthTherapyCenter?createDatabaseIfNotExist=true]
	Database driver: com.mysql.cj.jdbc.Driver
	Database version: 9.6
	Autocommit mode: false
	Isolation level: undefined/unknown
	Minimum pool size: 1
	Maximum pool size: 20
Apr 22, 2026 12:59:59 PM org.hibernate.cache.spi.AbstractRegionFactory stop
WARN: HHH90001002: Attempt to restop an already stopped JCacheRegionFactory.
Exception in Application start method
Exception in thread "main" java.lang.reflect.InvocationTargetException
	at java.base/jdk.internal.reflect.DirectMethodHandleAccessor.invoke(DirectMethodHandleAccessor.java:119)
	at java.base/java.lang.reflect.Method.invoke(Method.java:565)
	at java.base/sun.launcher.LauncherHelper$FXHelper.main(LauncherHelper.java:1171)
Caused by: java.lang.RuntimeException: Exception in Application start method
	at javafx.graphics@21.0.6/com.sun.javafx.application.LauncherImpl.launchApplication1(LauncherImpl.java:893)
	at javafx.graphics@21.0.6/com.sun.javafx.application.LauncherImpl.lambda$launchApplication$2(LauncherImpl.java:196)
	at java.base/java.lang.Thread.run(Thread.java:1474)
Caused by: org.hibernate.service.spi.ServiceException: Unable to create requested service [org.hibernate.cache.spi.CacheImplementor] due to: Cache provider not started
	at org.hibernate.orm.core@6.6.4.Final/org.hibernate.service.internal.AbstractServiceRegistryImpl.createService(AbstractServiceRegistryImpl.java:276)
	at org.hibernate.orm.core@6.6.4.Final/org.hibernate.service.internal.AbstractServiceRegistryImpl.initializeService(AbstractServiceRegistryImpl.java:238)
	at org.hibernate.orm.core@6.6.4.Final/org.hibernate.service.internal.AbstractServiceRegistryImpl.getService(AbstractServiceRegistryImpl.java:215)
	at org.hibernate.orm.core@6.6.4.Final/org.hibernate.service.internal.SessionFactoryServiceRegistryImpl.getService(SessionFactoryServiceRegistryImpl.java:114)
	at org.hibernate.orm.core@6.6.4.Final/org.hibernate.internal.SessionFactoryImpl.<init>(SessionFactoryImpl.java:245)
	at org.hibernate.orm.core@6.6.4.Final/org.hibernate.boot.internal.SessionFactoryBuilderImpl.build(SessionFactoryBuilderImpl.java:463)
	at org.hibernate.orm.core@6.6.4.Final/org.hibernate.cfg.Configuration.buildSessionFactory(Configuration.java:980)
	at org.hibernate.orm.core@6.6.4.Final/org.hibernate.cfg.Configuration.buildSessionFactory(Configuration.java:999)
	at lk.ijse.mental_health_therapy_center_system@1.0-SNAPSHOT/lk.ijse.mental_health_therapy_center_system.config.FactoryConfiguration.<init>(FactoryConfiguration.java:54)
	at lk.ijse.mental_health_therapy_center_system@1.0-SNAPSHOT/lk.ijse.mental_health_therapy_center_system.config.FactoryConfiguration.getInstance(FactoryConfiguration.java:59)
	at lk.ijse.mental_health_therapy_center_system@1.0-SNAPSHOT/lk.ijse.mental_health_therapy_center_system.Application.start(Application.java:19)
	at javafx.graphics@21.0.6/com.sun.javafx.application.LauncherImpl.lambda$launchApplication1$9(LauncherImpl.java:839)
	at javafx.graphics@21.0.6/com.sun.javafx.application.PlatformImpl.lambda$runAndWait$12(PlatformImpl.java:483)
	at javafx.graphics@21.0.6/com.sun.javafx.application.PlatformImpl.lambda$runLater$10(PlatformImpl.java:456)
	at java.base/java.security.AccessController.doPrivileged(AccessController.java:138)
	at javafx.graphics@21.0.6/com.sun.javafx.application.PlatformImpl.lambda$runLater$11(PlatformImpl.java:455)
	at javafx.graphics@21.0.6/com.sun.glass.ui.InvokeLaterDispatcher$Future.run(InvokeLaterDispatcher.java:95)
Caused by: java.lang.IllegalStateException: Cache provider not started
	at org.hibernate.orm.core@6.6.4.Final/org.hibernate.cache.spi.AbstractRegionFactory.verifyStarted(AbstractRegionFactory.java:63)
	at org.hibernate.orm.core@6.6.4.Final/org.hibernate.cache.spi.support.RegionFactoryTemplate.buildTimestampsRegion(RegionFactoryTemplate.java:66)
	at org.hibernate.orm.core@6.6.4.Final/org.hibernate.cache.internal.EnabledCaching.<init>(EnabledCaching.java:88)
	at org.hibernate.orm.core@6.6.4.Final/org.hibernate.engine.spi.CacheInitiator.initiateService(CacheInitiator.java:31)
	at org.hibernate.orm.core@6.6.4.Final/org.hibernate.engine.spi.CacheInitiator.initiateService(CacheInitiator.java:23)
	at org.hibernate.orm.core@6.6.4.Final/org.hibernate.service.internal.SessionFactoryServiceRegistryImpl.initiateService(SessionFactoryServiceRegistryImpl.java:76)
	at org.hibernate.orm.core@6.6.4.Final/org.hibernate.service.internal.AbstractServiceRegistryImpl.createService(AbstractServiceRegistryImpl.java:263)
	... 16 more
Caused by: javax.cache.CacheException: org.ehcache.xml.exceptions.XmlConfigurationException: Error parsing XML configuration at file:/Users/rayankavishka/IdeaProjects/Mental_Health_Therapy_Center_System/target/classes/ehcache.xml
	at org.ehcache.jsr107.EhcacheCachingProvider$ConfigSupplier.getConfiguration(EhcacheCachingProvider.java:331)
	at org.ehcache.jsr107.EhcacheCachingProvider.getCacheManager(EhcacheCachingProvider.java:134)
	at org.ehcache.jsr107.EhcacheCachingProvider.getCacheManager(EhcacheCachingProvider.java:85)
	at org.ehcache.jsr107.EhcacheCachingProvider.getCacheManager(EhcacheCachingProvider.java:194)
	at org.hibernate.cache.jcache.internal.JCacheRegionFactory.resolveCacheManager(JCacheRegionFactory.java:208)
	at org.hibernate.cache.jcache.internal.JCacheRegionFactory.prepareForUse(JCacheRegionFactory.java:189)
	at org.hibernate.orm.core@6.6.4.Final/org.hibernate.cache.spi.AbstractRegionFactory.start(AbstractRegionFactory.java:89)
	at org.hibernate.orm.core@6.6.4.Final/org.hibernate.cache.internal.EnabledCaching.<init>(EnabledCaching.java:85)
	... 20 more
Caused by: org.ehcache.xml.exceptions.XmlConfigurationException: Error parsing XML configuration at file:/Users/rayankavishka/IdeaProjects/Mental_Health_Therapy_Center_System/target/classes/ehcache.xml
	at org.ehcache.xml.XmlConfiguration.<init>(XmlConfiguration.java:126)
	at org.ehcache.xml.XmlConfiguration.<init>(XmlConfiguration.java:92)
	at org.ehcache.jsr107.EhcacheCachingProvider$ConfigSupplier.getConfiguration(EhcacheCachingProvider.java:328)
	... 27 more
Caused by: javax.xml.bind.JAXBException: Implementation of JAXB-API has not been found on module path or classpath.
 - with linked exception:
[java.lang.ClassNotFoundException: com.sun.xml.internal.bind.v2.ContextFactory]
	at javax.xml.bind.ContextFinder.newInstance(ContextFinder.java:278)
	at javax.xml.bind.ContextFinder.find(ContextFinder.java:421)
	at javax.xml.bind.JAXBContext.newInstance(JAXBContext.java:721)
	at javax.xml.bind.JAXBContext.newInstance(JAXBContext.java:662)
	at org.ehcache.xml.ConfigurationParser.<init>(ConfigurationParser.java:116)
	at org.ehcache.xml.XmlConfiguration.<init>(XmlConfiguration.java:116)
	... 29 more
Caused by: java.lang.ClassNotFoundException: com.sun.xml.internal.bind.v2.ContextFactory
	at java.base/jdk.internal.loader.BuiltinClassLoader.loadClass(BuiltinClassLoader.java:580)
	at java.base/java.lang.ClassLoader.loadClass(ClassLoader.java:490)
	at javax.xml.bind.ServiceLoaderUtil.nullSafeLoadClass(ServiceLoaderUtil.java:122)
	at javax.xml.bind.ServiceLoaderUtil.safeLoadClass(ServiceLoaderUtil.java:155)
	at javax.xml.bind.ContextFinder.newInstance(ContextFinder.java:276)
	... 34 more
[ERROR] Command execution failed.
org.apache.commons.exec.ExecuteException: Process exited with an error: 1 (Exit value: 1)
    at org.apache.commons.exec.DefaultExecutor.executeInternal (DefaultExecutor.java:404)
    at org.apache.commons.exec.DefaultExecutor.execute (DefaultExecutor.java:166)
    at org.openjfx.JavaFXBaseMojo.executeCommandLine (JavaFXBaseMojo.java:567)
    at org.openjfx.JavaFXBaseMojo.executeCommandLine (JavaFXBaseMojo.java:434)
    at org.openjfx.JavaFXRunMojo.execute (JavaFXRunMojo.java:105)
    at org.apache.maven.plugin.DefaultBuildPluginManager.executeMojo (DefaultBuildPluginManager.java:137)
    at org.apache.maven.lifecycle.internal.MojoExecutor.doExecute (MojoExecutor.java:301)
    at org.apache.maven.lifecycle.internal.MojoExecutor.execute (MojoExecutor.java:211)
    at org.apache.maven.lifecycle.internal.MojoExecutor.execute (MojoExecutor.java:165)
    at org.apache.maven.lifecycle.internal.MojoExecutor.execute (MojoExecutor.java:157)
    at org.apache.maven.lifecycle.internal.LifecycleModuleBuilder.buildProject (LifecycleModuleBuilder.java:121)
    at org.apache.maven.lifecycle.internal.LifecycleModuleBuilder.buildProject (LifecycleModuleBuilder.java:81)
    at org.apache.maven.lifecycle.internal.builder.singlethreaded.SingleThreadedBuilder.build (SingleThreadedBuilder.java:56)
    at org.apache.maven.lifecycle.internal.LifecycleStarter.execute (LifecycleStarter.java:127)
    at org.apache.maven.DefaultMaven.doExecute (DefaultMaven.java:294)
    at org.apache.maven.DefaultMaven.doExecute (DefaultMaven.java:192)
    at org.apache.maven.DefaultMaven.execute (DefaultMaven.java:105)
    at org.apache.maven.cli.MavenCli.execute (MavenCli.java:960)
    at org.apache.maven.cli.MavenCli.doMain (MavenCli.java:293)
    at org.apache.maven.cli.MavenCli.main (MavenCli.java:196)
    at jdk.internal.reflect.DirectMethodHandleAccessor.invoke (DirectMethodHandleAccessor.java:104)
    at java.lang.reflect.Method.invoke (Method.java:565)
    at org.codehaus.plexus.classworlds.launcher.Launcher.launchEnhanced (Launcher.java:282)
    at org.codehaus.plexus.classworlds.launcher.Launcher.launch (Launcher.java:225)
    at org.codehaus.plexus.classworlds.launcher.Launcher.mainWithExitCode (Launcher.java:406)
    at org.codehaus.plexus.classworlds.launcher.Launcher.main (Launcher.java:347)
    at jdk.internal.reflect.DirectMethodHandleAccessor.invoke (DirectMethodHandleAccessor.java:104)
    at java.lang.reflect.Method.invoke (Method.java:565)
    at org.apache.maven.wrapper.BootstrapMainStarter.start (BootstrapMainStarter.java:47)
    at org.apache.maven.wrapper.WrapperExecutor.execute (WrapperExecutor.java:156)
    at org.apache.maven.wrapper.MavenWrapperMain.main (MavenWrapperMain.java:72)
org.apache.commons.exec.ExecuteException: Process exited with an error: 1 (Exit value: 1)
	at org.apache.commons.exec.DefaultExecutor.executeInternal(DefaultExecutor.java:404)
	at org.apache.commons.exec.DefaultExecutor.execute(DefaultExecutor.java:166)
	at org.openjfx.JavaFXBaseMojo.executeCommandLine(JavaFXBaseMojo.java:567)
	at org.openjfx.JavaFXBaseMojo.executeCommandLine(JavaFXBaseMojo.java:434)
	at org.openjfx.JavaFXRunMojo.execute(JavaFXRunMojo.java:105)
	at org.apache.maven.plugin.DefaultBuildPluginManager.executeMojo(DefaultBuildPluginManager.java:137)
	at org.apache.maven.lifecycle.internal.MojoExecutor.doExecute(MojoExecutor.java:301)
	at org.apache.maven.lifecycle.internal.MojoExecutor.execute(MojoExecutor.java:211)
	at org.apache.maven.lifecycle.internal.MojoExecutor.execute(MojoExecutor.java:165)
	at org.apache.maven.lifecycle.internal.MojoExecutor.execute(MojoExecutor.java:157)
	at org.apache.maven.lifecycle.internal.LifecycleModuleBuilder.buildProject(LifecycleModuleBuilder.java:121)
	at org.apache.maven.lifecycle.internal.LifecycleModuleBuilder.buildProject(LifecycleModuleBuilder.java:81)
	at org.apache.maven.lifecycle.internal.builder.singlethreaded.SingleThreadedBuilder.build(SingleThreadedBuilder.java:56)
	at org.apache.maven.lifecycle.internal.LifecycleStarter.execute(LifecycleStarter.java:127)
	at org.apache.maven.DefaultMaven.doExecute(DefaultMaven.java:294)
	at org.apache.maven.DefaultMaven.doExecute(DefaultMaven.java:192)
	at org.apache.maven.DefaultMaven.execute(DefaultMaven.java:105)
	at org.apache.maven.cli.MavenCli.execute(MavenCli.java:960)
	at org.apache.maven.cli.MavenCli.doMain(MavenCli.java:293)
	at org.apache.maven.cli.MavenCli.main(MavenCli.java:196)
	at java.base/jdk.internal.reflect.DirectMethodHandleAccessor.invoke(DirectMethodHandleAccessor.java:104)
	at java.base/java.lang.reflect.Method.invoke(Method.java:565)
	at org.codehaus.plexus.classworlds.launcher.Launcher.launchEnhanced(Launcher.java:282)
	at org.codehaus.plexus.classworlds.launcher.Launcher.launch(Launcher.java:225)
	at org.codehaus.plexus.classworlds.launcher.Launcher.mainWithExitCode(Launcher.java:406)
	at org.codehaus.plexus.classworlds.launcher.Launcher.main(Launcher.java:347)
	at java.base/jdk.internal.reflect.DirectMethodHandleAccessor.invoke(DirectMethodHandleAccessor.java:104)
	at java.base/java.lang.reflect.Method.invoke(Method.java:565)
	at org.apache.maven.wrapper.BootstrapMainStarter.start(BootstrapMainStarter.java:47)
	at org.apache.maven.wrapper.WrapperExecutor.execute(WrapperExecutor.java:156)
	at org.apache.maven.wrapper.MavenWrapperMain.main(MavenWrapperMain.java:72)
[INFO] ------------------------------------------------------------------------
[INFO] BUILD FAILURE
[INFO] ------------------------------------------------------------------------
[INFO] Total time:  1.553 s
[INFO] Finished at: 2026-04-22T12:59:59+05:30
[INFO] ------------------------------------------------------------------------
[ERROR] Failed to execute goal org.openjfx:javafx-maven-plugin:0.0.8:run (default-cli) on project Mental-Health-Therapy-Center-System: Error: Command execution failed. Process exited with an error: 1 (Exit value: 1) -> [Help 1]
[ERROR] 
[ERROR] To see the full stack trace of the errors, re-run Maven with the -e switch.
[ERROR] Re-run Maven using the -X switch to enable full debug logging.
[ERROR] 
[ERROR] For more information about the errors and possible solutions, please read the following articles:
[ERROR] [Help 1] http://cwiki.apache.org/confluence/display/MAVEN/MojoExecutionException
